  GUI.cpp
c:\users\wiish\git\cpp\grapher2d\libs\nanogui\include\nanogui\formhelper.h(82): warning C4316: 'nanogui::Label': object allocated on the heap may not be aligned 16
c:\users\wiish\git\cpp\grapher2d\libs\nanogui\include\nanogui\formhelper.h(130): warning C4316: 'nanogui::Button': object allocated on the heap may not be aligned 16
c:\users\wiish\git\cpp\grapher2d\libs\nanogui\include\nanogui\formhelper.h(146): warning C4316: 'nanogui::Label': object allocated on the heap may not be aligned 16
c:\users\wiish\git\cpp\grapher2d\libs\nanogui\include\nanogui\formhelper.h(122): error C2719: 'v': formal parameter with requested alignment of 16 won't be aligned
  c:\users\wiish\git\cpp\grapher2d\grapher2d\gui\gui.cpp(71): note: see reference to function template instantiation 'nanogui::detail::FormWidget<nanogui::Color,std::true_type> *nanogui::FormHelper::addVariable<nanogui::Color>(const std::string &,Type &,bool)' being compiled
          with
          [
              Type=nanogui::Color
          ]
c:\program files (x86)\microsoft visual studio 14.0\vc\include\functional(270): error C2719: '<_Args_0>': formal parameter with requested alignment of 16 won't be aligned
  c:\program files (x86)\microsoft visual studio 14.0\vc\include\functional(462): note: see reference to class template instantiation 'std::_Func_class<_Ret,Type>' being compiled
          with
          [
              _Ret=void,
              Type=nanogui::Color
          ]
  c:\users\wiish\git\cpp\grapher2d\libs\nanogui\include\nanogui\formhelper.h(125): note: see reference to class template instantiation 'std::function<void (Type)>' being compiled
          with
          [
              Type=nanogui::Color
          ]
