  main.cpp
C:\Program Files (x86)\Windows Kits\8.1\Include\shared\minwindef.h(130): warning C4005: 'APIENTRY': macro redefinition
  C:\Users\wiish\Git\Cpp\Grapher2D\Libs\glfw-3.2\include\GLFW/glfw3.h(98): note: see previous definition of 'APIENTRY'
main.cpp(31): warning C4244: 'argument': conversion from 'double' to 'GLfloat', possible loss of data
main.cpp(37): warning C4244: 'argument': conversion from 'int' to 'GLfloat', possible loss of data
main.cpp(51): warning C4244: 'argument': conversion from 'double' to 'GLfloat', possible loss of data
main.cpp(57): warning C4244: 'argument': conversion from 'int' to 'GLfloat', possible loss of data
main.cpp(94): warning C4244: '=': conversion from 'double' to 'float', possible loss of data
main.cpp(95): warning C4244: '=': conversion from 'double' to 'float', possible loss of data
main.cpp(96): warning C4244: '=': conversion from 'double' to 'float', possible loss of data
main.cpp(97): warning C4244: '=': conversion from 'double' to 'float', possible loss of data
main.cpp(114): warning C4244: '=': conversion from 'int' to 'float', possible loss of data
main.cpp(121): warning C4244: '=': conversion from 'int' to 'float', possible loss of data
  Generating code
  16 of 931 functions ( 1.7%) were compiled, the rest were copied from previous compilation.
    0 functions were new in current compilation
    3 functions had inline decision re-evaluated but remain unchanged
  Finished generating code
  Grapher2D.vcxproj -> C:\Users\wiish\Git\Cpp\Grapher2D\\Build\Windows\x64\Grapher2D.exe
  Grapher2D.vcxproj -> C:\Users\wiish\Git\Cpp\Grapher2D\\Build\Windows\x64\Grapher2D.pdb (Full PDB)
