  Building Custom Rule C:/Users/wiish/Git/Cpp/Grapher2D/Libs/FreeType/src/CMakeLists.txt
  CMake does not need to re-run because C:\Users\wiish\Git\Cpp\Grapher2D\Libs\FreeType\src\build\CMakeFiles\generate.stamp is up-to-date.
  autofit.c
  ftadvanc.c
  ftbbox.c
  ftbdf.c
  ftbitmap.c
  ftcalc.c
  ftcid.c
  ftdbgmem.c
  ftdebug.c
  ftfstype.c
  ftgasp.c
  ftgloadr.c
  ftglyph.c
  ftgxval.c
  ftinit.c
  ftlcdfil.c
  ftmm.c
  ftobjs.c
  ftotval.c
  ftoutln.c
  Generating Code...
  Compiling...
  ftpatent.c
  ftpfr.c
  ftrfork.c
C:\Users\wiish\Git\Cpp\Grapher2D\Libs\FreeType\src\src\base\ftrfork.c(816): warning C4996: 'strncpy': This function or variable may be unsafe. Consider using strncpy_s instead. To disable deprecation, use _CRT_SECURE_NO_WARNINGS. See online help for details.
  C:\Program Files (x86)\Windows Kits\10\Include\10.0.10240.0\ucrt\string.h(346): note: see declaration of 'strncpy'
C:\Users\wiish\Git\Cpp\Grapher2D\Libs\FreeType\src\src\base\ftrfork.c(826): warning C4996: 'strcat': This function or variable may be unsafe. Consider using strcat_s instead. To disable deprecation, use _CRT_SECURE_NO_WARNINGS. See online help for details.
  C:\Program Files (x86)\Windows Kits\10\Include\10.0.10240.0\ucrt\string.h(90): note: see declaration of 'strcat'
C:\Users\wiish\Git\Cpp\Grapher2D\Libs\FreeType\src\src\base\ftrfork.c(827): warning C4996: 'strcat': This function or variable may be unsafe. Consider using strcat_s instead. To disable deprecation, use _CRT_SECURE_NO_WARNINGS. See online help for details.
  C:\Program Files (x86)\Windows Kits\10\Include\10.0.10240.0\ucrt\string.h(90): note: see declaration of 'strcat'
  ftsnames.c
  ftstream.c
  ftstroke.c
  ftsynth.c
  ftsystem.c
C:\Users\wiish\Git\Cpp\Grapher2D\Libs\FreeType\src\src\base\ftsystem.c(240): warning C4996: 'fopen': This function or variable may be unsafe. Consider using fopen_s instead. To disable deprecation, use _CRT_SECURE_NO_WARNINGS. See online help for details.
  C:\Program Files (x86)\Windows Kits\10\Include\10.0.10240.0\ucrt\stdio.h(205): note: see declaration of 'fopen'
  fttrigon.c
  fttype1.c
  ftutil.c
  ftwinfnt.c
  ftxf86.c
  bdf.c
c:\users\wiish\git\cpp\grapher2d\libs\freetype\src\src\bdf\bdflib.c(2012): warning C4996: 'sprintf': This function or variable may be unsafe. Consider using sprintf_s instead. To disable deprecation, use _CRT_SECURE_NO_WARNINGS. See online help for details.
  C:\Program Files (x86)\Windows Kits\10\Include\10.0.10240.0\ucrt\stdio.h(1769): note: see declaration of 'sprintf'
c:\users\wiish\git\cpp\grapher2d\libs\freetype\src\src\bdf\bdflib.c(2025): warning C4996: 'sprintf': This function or variable may be unsafe. Consider using sprintf_s instead. To disable deprecation, use _CRT_SECURE_NO_WARNINGS. See online help for details.
  C:\Program Files (x86)\Windows Kits\10\Include\10.0.10240.0\ucrt\stdio.h(1769): note: see declaration of 'sprintf'
c:\users\wiish\git\cpp\grapher2d\libs\freetype\src\src\bdf\bdflib.c(2350): warning C4996: 'sprintf': This function or variable may be unsafe. Consider using sprintf_s instead. To disable deprecation, use _CRT_SECURE_NO_WARNINGS. See online help for details.
  C:\Program Files (x86)\Windows Kits\10\Include\10.0.10240.0\ucrt\stdio.h(1769): note: see declaration of 'sprintf'
c:\users\wiish\git\cpp\grapher2d\libs\freetype\src\src\bdf\bdflib.c(2358): warning C4996: 'sprintf': This function or variable may be unsafe. Consider using sprintf_s instead. To disable deprecation, use _CRT_SECURE_NO_WARNINGS. See online help for details.
  C:\Program Files (x86)\Windows Kits\10\Include\10.0.10240.0\ucrt\stdio.h(1769): note: see declaration of 'sprintf'
  ftbzip2.c
  ftcache.c
  cff.c
  type1cid.c
  ftgzip.c
  ftlzw.c
  Generating Code...
  Compiling...
  pcf.c
  pfr.c
  psaux.c
  pshinter.c
  psmodule.c
  raster.c
  sfnt.c
  smooth.c
  truetype.c
  type1.c
  type42.c
  winfnt.c
  Generating Code...
  freetype.vcxproj -> C:\Users\wiish\Git\Cpp\Grapher2D\Libs\FreeType\src\build\Debug\freetype.lib
